<?xml version="1.0" encoding="UTF-8"?>
<testsuite name="org.itsimulator.germes.app.service.transform.impl.SimpleDTOTransformerTest" tests="6" skipped="0" failures="0" errors="0" timestamp="2017-09-26T09:28:26" hostname="DESKTOP-L817D7D" time="0.004">
  <properties/>
  <testcase name="testUnTransformNullCityFailure" classname="org.itsimulator.germes.app.service.transform.impl.SimpleDTOTransformerTest" time="0.001"/>
  <testcase name="testUnTransformCitySuccess" classname="org.itsimulator.germes.app.service.transform.impl.SimpleDTOTransformerTest" time="0.001"/>
  <testcase name="testUnTransformNullEntityClassFailure" classname="org.itsimulator.germes.app.service.transform.impl.SimpleDTOTransformerTest" time="0.0"/>
  <testcase name="testTransformNullCityFailure" classname="org.itsimulator.germes.app.service.transform.impl.SimpleDTOTransformerTest" time="0.0"/>
  <testcase name="testTransformCitySuccess" classname="org.itsimulator.germes.app.service.transform.impl.SimpleDTOTransformerTest" time="0.001"/>
  <testcase name="testTransformNullDTOClassFailure" classname="org.itsimulator.germes.app.service.transform.impl.SimpleDTOTransformerTest" time="0.0"/>
  <system-out><![CDATA[]]></system-out>
  <system-err><![CDATA[]]></system-err>
</testsuite>
