<?xml version="1.0" encoding="UTF-8"?>
<testsuite name="org.itsimulator.germes.app.service.GeographicServiceImplTest" tests="8" skipped="0" failures="0" errors="0" timestamp="2017-09-26T09:28:26" hostname="DESKTOP-L817D7D" time="0.005">
  <properties/>
  <testcase name="testSearchStationsByNameSuccess" classname="org.itsimulator.germes.app.service.GeographicServiceImplTest" time="0.004"/>
  <testcase name="testFindCityByIdNotFound" classname="org.itsimulator.germes.app.service.GeographicServiceImplTest" time="0.0"/>
  <testcase name="testSearchStationsByNameNotFound" classname="org.itsimulator.germes.app.service.GeographicServiceImplTest" time="0.0"/>
  <testcase name="testSearchStationsByTransportTypeSuccess" classname="org.itsimulator.germes.app.service.GeographicServiceImplTest" time="0.0"/>
  <testcase name="testSearchStationsByTransportTypeNotFound" classname="org.itsimulator.germes.app.service.GeographicServiceImplTest" time="0.0"/>
  <testcase name="testSaveNewCitySuccess" classname="org.itsimulator.germes.app.service.GeographicServiceImplTest" time="0.0"/>
  <testcase name="testNoDataReturnedAtStart" classname="org.itsimulator.germes.app.service.GeographicServiceImplTest" time="0.0"/>
  <testcase name="testFindCityByIdSuccess" classname="org.itsimulator.germes.app.service.GeographicServiceImplTest" time="0.0"/>
  <system-out><![CDATA[]]></system-out>
  <system-err><![CDATA[]]></system-err>
</testsuite>
