<?xml version="1.0" encoding="UTF-8"?>
<testsuite name="org.itsimulator.germes.app.service.transform.impl.CachedFieldProviderTest" tests="5" skipped="2" failures="0" errors="0" timestamp="2017-09-26T10:15:06" hostname="DESKTOP-L817D7D" time="0.055">
  <properties/>
  <testcase name="testGetFieldNamesAreCachedUsingMockupsAPI" classname="org.itsimulator.germes.app.service.transform.impl.CachedFieldProviderTest" time="0.047"/>
  <testcase name="testGetFieldNamesCachedSuccess" classname="org.itsimulator.germes.app.service.transform.impl.CachedFieldProviderTest" time="0.005"/>
  <testcase name="testGetFieldNamesAreCached" classname="org.itsimulator.germes.app.service.transform.impl.CachedFieldProviderTest" time="0.0">
    <skipped/>
  </testcase>
  <testcase name="testGetFieldNamesAreCachedUsingJMockit" classname="org.itsimulator.germes.app.service.transform.impl.CachedFieldProviderTest" time="0.0">
    <skipped/>
  </testcase>
  <testcase name="testGetFieldNamesSuccess" classname="org.itsimulator.germes.app.service.transform.impl.CachedFieldProviderTest" time="0.0"/>
  <system-out><![CDATA[]]></system-out>
  <system-err><![CDATA[]]></system-err>
</testsuite>
