<?xml version="1.0" encoding="UTF-8"?>
<testsuite name="org.itsimulator.germes.app.infra.util.ReflectionUtilTest" tests="8" skipped="0" failures="0" errors="0" timestamp="2017-09-26T09:28:21" hostname="DESKTOP-L817D7D" time="0.016">
  <properties/>
  <testcase name="copyFindSimilarFieldsWithIgnoreSuccess" classname="org.itsimulator.germes.app.infra.util.ReflectionUtilTest" time="0.013"/>
  <testcase name="createInstanceSuccess" classname="org.itsimulator.germes.app.infra.util.ReflectionUtilTest" time="0.0"/>
  <testcase name="testCopyFieldsSuccess" classname="org.itsimulator.germes.app.infra.util.ReflectionUtilTest" time="0.001"/>
  <testcase name="testFindSimilarFieldsSuccess" classname="org.itsimulator.germes.app.infra.util.ReflectionUtilTest" time="0.0"/>
  <testcase name="testCreateInstanceFailure" classname="org.itsimulator.germes.app.infra.util.ReflectionUtilTest" time="0.0"/>
  <testcase name="copyFieldsDestinationNullFailure" classname="org.itsimulator.germes.app.infra.util.ReflectionUtilTest" time="0.001"/>
  <testcase name="copyFindSimilarFieldsForStaticAndFinalSuccess" classname="org.itsimulator.germes.app.infra.util.ReflectionUtilTest" time="0.0"/>
  <testcase name="copyFindSimilarFieldsForBaseFieldSuccess" classname="org.itsimulator.germes.app.infra.util.ReflectionUtilTest" time="0.0"/>
  <system-out><![CDATA[]]></system-out>
  <system-err><![CDATA[]]></system-err>
</testsuite>
