<?xml version="1.0" encoding="UTF-8"?>
<testsuite name="org.itsimulator.germes.app.model.entity.geography.CityTest" tests="4" skipped="0" failures="0" errors="0" timestamp="2017-09-26T09:28:21" hostname="DESKTOP-L817D7D" time="0.002">
  <properties/>
  <testcase name="testAddStationNullTransportTypeFailure" classname="org.itsimulator.germes.app.model.entity.geography.CityTest" time="0.0"/>
  <testcase name="testRemoveStationSuccess" classname="org.itsimulator.germes.app.model.entity.geography.CityTest" time="0.002"/>
  <testcase name="testRemoveNullStationFailure" classname="org.itsimulator.germes.app.model.entity.geography.CityTest" time="0.0"/>
  <testcase name="testAddValidStationSuccess" classname="org.itsimulator.germes.app.model.entity.geography.CityTest" time="0.0"/>
  <system-out><![CDATA[]]></system-out>
  <system-err><![CDATA[]]></system-err>
</testsuite>
