<?xml version="1.0" encoding="UTF-8"?>
<testsuite name="org.itsimulator.germes.app.model.entity.geography.StationTest" tests="3" skipped="0" failures="0" errors="0" timestamp="2017-09-26T09:28:21" hostname="DESKTOP-L817D7D" time="0.005">
  <properties/>
  <testcase name="testMatchByNameNotFound" classname="org.itsimulator.germes.app.model.entity.geography.StationTest" time="0.003"/>
  <testcase name="testMatchByNameSuccess" classname="org.itsimulator.germes.app.model.entity.geography.StationTest" time="0.0"/>
  <testcase name="testMatchCriteriaNotInitialized" classname="org.itsimulator.germes.app.model.entity.geography.StationTest" time="0.001"/>
  <system-out><![CDATA[]]></system-out>
  <system-err><![CDATA[]]></system-err>
</testsuite>
